This is pdfTeX, Version 3.141592653-2.6-1.40.25 (TeX Live 2023) (preloaded format=pdflatex 2023.10.20)  7 JAN 2025 20:01
entering extended mode
 restricted \write18 enabled.
 file:line:error style messages enabled.
 %&-line parsing enabled.
**lec1.tex
(./lec1.tex
LaTeX2e <2022-11-01> patch level 1
L3 programming layer <2023-02-22>
(/usr/local/texlive/2023/texmf-dist/tex/latex/beamer/beamer.cls
Document Class: beamer 2023/02/20 v3.69 A class for typesetting presentations
(/usr/local/texlive/2023/texmf-dist/tex/latex/beamer/beamerbasemodes.sty
(/usr/local/texlive/2023/texmf-dist/tex/latex/etoolbox/etoolbox.sty
Package: etoolbox 2020/10/05 v2.5k e-TeX tools for LaTeX (JAW)
\etb@tempcnta=\count185
)
\beamer@tempbox=\box51
\beamer@tempcount=\count186
\c@beamerpauses=\count187

(/usr/local/texlive/2023/texmf-dist/tex/latex/beamer/beamerbasedecode.sty
\beamer@slideinframe=\count188
\beamer@minimum=\count189
\beamer@decode@box=\box52
)
\beamer@commentbox=\box53
\beamer@modecount=\count190
)
(/usr/local/texlive/2023/texmf-dist/tex/generic/iftex/iftex.sty
Package: iftex 2022/02/03 v1.0f TeX engine tests
)
\headdp=\dimen140
\footheight=\dimen141
\sidebarheight=\dimen142
\beamer@tempdim=\dimen143
\beamer@finalheight=\dimen144
\beamer@animht=\dimen145
\beamer@animdp=\dimen146
\beamer@animwd=\dimen147
\beamer@leftmargin=\dimen148
\beamer@rightmargin=\dimen149
\beamer@leftsidebar=\dimen150
\beamer@rightsidebar=\dimen151
\beamer@boxsize=\dimen152
\beamer@vboxoffset=\dimen153
\beamer@descdefault=\dimen154
\beamer@descriptionwidth=\dimen155
\beamer@lastskip=\skip48
\beamer@areabox=\box54
\beamer@animcurrent=\box55
\beamer@animshowbox=\box56
\beamer@sectionbox=\box57
\beamer@logobox=\box58
\beamer@linebox=\box59
\beamer@sectioncount=\count191
\beamer@subsubsectionmax=\count192
\beamer@subsectionmax=\count193
\beamer@sectionmax=\count194
\beamer@totalheads=\count195
\beamer@headcounter=\count196
\beamer@partstartpage=\count197
\beamer@sectionstartpage=\count198
\beamer@subsectionstartpage=\count199
\beamer@animationtempa=\count266
\beamer@animationtempb=\count267
\beamer@xpos=\count268
\beamer@ypos=\count269
\beamer@ypos@offset=\count270
\beamer@showpartnumber=\count271
\beamer@currentsubsection=\count272
\beamer@coveringdepth=\count273
\beamer@sectionadjust=\count274
\beamer@toclastsection=\count275
\beamer@tocsectionnumber=\count276

(/usr/local/texlive/2023/texmf-dist/tex/latex/beamer/beamerbaseoptions.sty
(/usr/local/texlive/2023/texmf-dist/tex/latex/graphics/keyval.sty
Package: keyval 2022/05/29 v1.15 key=value parser (DPC)
\KV@toks@=\toks16
))
\beamer@paperwidth=\skip49
\beamer@paperheight=\skip50

(/usr/local/texlive/2023/texmf-dist/tex/latex/geometry/geometry.sty
Package: geometry 2020/01/02 v5.9 Page Geometry

(/usr/local/texlive/2023/texmf-dist/tex/generic/iftex/ifvtex.sty
Package: ifvtex 2019/10/25 v1.7 ifvtex legacy package. Use iftex instead.
)
\Gm@cnth=\count277
\Gm@cntv=\count278
\c@Gm@tempcnt=\count279
\Gm@bindingoffset=\dimen156
\Gm@wd@mp=\dimen157
\Gm@odd@mp=\dimen158
\Gm@even@mp=\dimen159
\Gm@layoutwidth=\dimen160
\Gm@layoutheight=\dimen161
\Gm@layouthoffset=\dimen162
\Gm@layoutvoffset=\dimen163
\Gm@dimlist=\toks17
)
(/usr/local/texlive/2023/texmf-dist/tex/latex/pgf/math/pgfmath.sty
(/usr/local/texlive/2023/texmf-dist/tex/latex/pgf/utilities/pgfrcs.sty
(/usr/local/texlive/2023/texmf-dist/tex/generic/pgf/utilities/pgfutil-common.te
x
\pgfutil@everybye=\toks18
\pgfutil@tempdima=\dimen164
\pgfutil@tempdimb=\dimen165
)
(/usr/local/texlive/2023/texmf-dist/tex/generic/pgf/utilities/pgfutil-latex.def
\pgfutil@abb=\box60
) (/usr/local/texlive/2023/texmf-dist/tex/generic/pgf/utilities/pgfrcs.code.tex
(/usr/local/texlive/2023/texmf-dist/tex/generic/pgf/pgf.revision.tex)
Package: pgfrcs 2023-01-15 v3.1.10 (3.1.10)
))
(/usr/local/texlive/2023/texmf-dist/tex/latex/pgf/utilities/pgfkeys.sty
(/usr/local/texlive/2023/texmf-dist/tex/generic/pgf/utilities/pgfkeys.code.tex
\pgfkeys@pathtoks=\toks19
\pgfkeys@temptoks=\toks20

(/usr/local/texlive/2023/texmf-dist/tex/generic/pgf/utilities/pgfkeyslibraryfil
tered.code.tex
\pgfkeys@tmptoks=\toks21
)))
(/usr/local/texlive/2023/texmf-dist/tex/generic/pgf/math/pgfmath.code.tex
(/usr/local/texlive/2023/texmf-dist/tex/generic/pgf/math/pgfmathutil.code.tex
\pgf@x=\dimen166
\pgf@xa=\dimen167
\pgf@xb=\dimen168
\pgf@xc=\dimen169
\pgf@y=\dimen170
\pgf@ya=\dimen171
\pgf@yb=\dimen172
\pgf@yc=\dimen173
\c@pgf@counta=\count280
\c@pgf@countb=\count281
\c@pgf@countc=\count282
\c@pgf@countd=\count283
)
(/usr/local/texlive/2023/texmf-dist/tex/generic/pgf/math/pgfmathparser.code.tex
\pgfmath@dimen=\dimen174
\pgfmath@count=\count284
\pgfmath@box=\box61
\pgfmath@toks=\toks22
\pgfmath@stack@operand=\toks23
\pgfmath@stack@operation=\toks24
)
(/usr/local/texlive/2023/texmf-dist/tex/generic/pgf/math/pgfmathfunctions.code.
tex)
(/usr/local/texlive/2023/texmf-dist/tex/generic/pgf/math/pgfmathfunctions.basic
.code.tex)
(/usr/local/texlive/2023/texmf-dist/tex/generic/pgf/math/pgfmathfunctions.trigo
nometric.code.tex)
(/usr/local/texlive/2023/texmf-dist/tex/generic/pgf/math/pgfmathfunctions.rando
m.code.tex)
(/usr/local/texlive/2023/texmf-dist/tex/generic/pgf/math/pgfmathfunctions.compa
rison.code.tex)
(/usr/local/texlive/2023/texmf-dist/tex/generic/pgf/math/pgfmathfunctions.base.
code.tex)
(/usr/local/texlive/2023/texmf-dist/tex/generic/pgf/math/pgfmathfunctions.round
.code.tex)
(/usr/local/texlive/2023/texmf-dist/tex/generic/pgf/math/pgfmathfunctions.misc.
code.tex)
(/usr/local/texlive/2023/texmf-dist/tex/generic/pgf/math/pgfmathfunctions.integ
erarithmetics.code.tex)
(/usr/local/texlive/2023/texmf-dist/tex/generic/pgf/math/pgfmathcalc.code.tex)
(/usr/local/texlive/2023/texmf-dist/tex/generic/pgf/math/pgfmathfloat.code.tex
\c@pgfmathroundto@lastzeros=\count285
))) (/usr/local/texlive/2023/texmf-dist/tex/latex/base/size11.clo
File: size11.clo 2022/07/02 v1.4n Standard LaTeX file (size option)
)
(/usr/local/texlive/2023/texmf-dist/tex/latex/pgf/basiclayer/pgfcore.sty
(/usr/local/texlive/2023/texmf-dist/tex/latex/graphics/graphicx.sty
Package: graphicx 2021/09/16 v1.2d Enhanced LaTeX Graphics (DPC,SPQR)

(/usr/local/texlive/2023/texmf-dist/tex/latex/graphics/graphics.sty
Package: graphics 2022/03/10 v1.4e Standard LaTeX Graphics (DPC,SPQR)

(/usr/local/texlive/2023/texmf-dist/tex/latex/graphics/trig.sty
Package: trig 2021/08/11 v1.11 sin cos tan (DPC)
)
(/usr/local/texlive/2023/texmf-dist/tex/latex/graphics-cfg/graphics.cfg
File: graphics.cfg 2016/06/04 v1.11 sample graphics configuration
)
Package graphics Info: Driver file: pdftex.def on input line 107.

(/usr/local/texlive/2023/texmf-dist/tex/latex/graphics-def/pdftex.def
File: pdftex.def 2022/09/22 v1.2b Graphics/color driver for pdftex
))
\Gin@req@height=\dimen175
\Gin@req@width=\dimen176
)
(/usr/local/texlive/2023/texmf-dist/tex/latex/pgf/systemlayer/pgfsys.sty
(/usr/local/texlive/2023/texmf-dist/tex/generic/pgf/systemlayer/pgfsys.code.tex
Package: pgfsys 2023-01-15 v3.1.10 (3.1.10)
\pgf@x=\dimen177
\pgf@y=\dimen178
\pgf@xa=\dimen179
\pgf@ya=\dimen180
\pgf@xb=\dimen181
\pgf@yb=\dimen182
\pgf@xc=\dimen183
\pgf@yc=\dimen184
\pgf@xd=\dimen185
\pgf@yd=\dimen186
\w@pgf@writea=\write3
\r@pgf@reada=\read2
\c@pgf@counta=\count286
\c@pgf@countb=\count287
\c@pgf@countc=\count288
\c@pgf@countd=\count289
\t@pgf@toka=\toks25
\t@pgf@tokb=\toks26
\t@pgf@tokc=\toks27
\pgf@sys@id@count=\count290
(/usr/local/texlive/2023/texmf-dist/tex/generic/pgf/systemlayer/pgf.cfg
File: pgf.cfg 2023-01-15 v3.1.10 (3.1.10)
)
Driver file for pgf: pgfsys-pdftex.def

(/usr/local/texlive/2023/texmf-dist/tex/generic/pgf/systemlayer/pgfsys-pdftex.d
ef
File: pgfsys-pdftex.def 2023-01-15 v3.1.10 (3.1.10)

(/usr/local/texlive/2023/texmf-dist/tex/generic/pgf/systemlayer/pgfsys-common-p
df.def
File: pgfsys-common-pdf.def 2023-01-15 v3.1.10 (3.1.10)
)))
(/usr/local/texlive/2023/texmf-dist/tex/generic/pgf/systemlayer/pgfsyssoftpath.
code.tex
File: pgfsyssoftpath.code.tex 2023-01-15 v3.1.10 (3.1.10)
\pgfsyssoftpath@smallbuffer@items=\count291
\pgfsyssoftpath@bigbuffer@items=\count292
)
(/usr/local/texlive/2023/texmf-dist/tex/generic/pgf/systemlayer/pgfsysprotocol.
code.tex
File: pgfsysprotocol.code.tex 2023-01-15 v3.1.10 (3.1.10)
)) (/usr/local/texlive/2023/texmf-dist/tex/latex/xcolor/xcolor.sty
Package: xcolor 2022/06/12 v2.14 LaTeX color extensions (UK)

(/usr/local/texlive/2023/texmf-dist/tex/latex/graphics-cfg/color.cfg
File: color.cfg 2016/01/02 v1.6 sample color configuration
)
Package xcolor Info: Driver file: pdftex.def on input line 227.

(/usr/local/texlive/2023/texmf-dist/tex/latex/graphics/mathcolor.ltx)
Package xcolor Info: Model `cmy' substituted by `cmy0' on input line 1353.
Package xcolor Info: Model `hsb' substituted by `rgb' on input line 1357.
Package xcolor Info: Model `RGB' extended on input line 1369.
Package xcolor Info: Model `HTML' substituted by `rgb' on input line 1371.
Package xcolor Info: Model `Hsb' substituted by `hsb' on input line 1372.
Package xcolor Info: Model `tHsb' substituted by `hsb' on input line 1373.
Package xcolor Info: Model `HSB' substituted by `hsb' on input line 1374.
Package xcolor Info: Model `Gray' substituted by `gray' on input line 1375.
Package xcolor Info: Model `wave' substituted by `hsb' on input line 1376.
)
(/usr/local/texlive/2023/texmf-dist/tex/generic/pgf/basiclayer/pgfcore.code.tex
Package: pgfcore 2023-01-15 v3.1.10 (3.1.10)
(/usr/local/texlive/2023/texmf-dist/tex/generic/pgf/math/pgfint.code.tex)
(/usr/local/texlive/2023/texmf-dist/tex/generic/pgf/basiclayer/pgfcorepoints.co
de.tex
File: pgfcorepoints.code.tex 2023-01-15 v3.1.10 (3.1.10)
\pgf@picminx=\dimen187
\pgf@picmaxx=\dimen188
\pgf@picminy=\dimen189
\pgf@picmaxy=\dimen190
\pgf@pathminx=\dimen191
\pgf@pathmaxx=\dimen192
\pgf@pathminy=\dimen193
\pgf@pathmaxy=\dimen194
\pgf@xx=\dimen195
\pgf@xy=\dimen196
\pgf@yx=\dimen197
\pgf@yy=\dimen198
\pgf@zx=\dimen199
\pgf@zy=\dimen256
)
(/usr/local/texlive/2023/texmf-dist/tex/generic/pgf/basiclayer/pgfcorepathconst
ruct.code.tex
File: pgfcorepathconstruct.code.tex 2023-01-15 v3.1.10 (3.1.10)
\pgf@path@lastx=\dimen257
\pgf@path@lasty=\dimen258
)
(/usr/local/texlive/2023/texmf-dist/tex/generic/pgf/basiclayer/pgfcorepathusage
.code.tex
File: pgfcorepathusage.code.tex 2023-01-15 v3.1.10 (3.1.10)
\pgf@shorten@end@additional=\dimen259
\pgf@shorten@start@additional=\dimen260
)
(/usr/local/texlive/2023/texmf-dist/tex/generic/pgf/basiclayer/pgfcorescopes.co
de.tex
File: pgfcorescopes.code.tex 2023-01-15 v3.1.10 (3.1.10)
\pgfpic=\box62
\pgf@hbox=\box63
\pgf@layerbox@main=\box64
\pgf@picture@serial@count=\count293
)
(/usr/local/texlive/2023/texmf-dist/tex/generic/pgf/basiclayer/pgfcoregraphicst
ate.code.tex
File: pgfcoregraphicstate.code.tex 2023-01-15 v3.1.10 (3.1.10)
\pgflinewidth=\dimen261
)
(/usr/local/texlive/2023/texmf-dist/tex/generic/pgf/basiclayer/pgfcoretransform
ations.code.tex
File: pgfcoretransformations.code.tex 2023-01-15 v3.1.10 (3.1.10)
\pgf@pt@x=\dimen262
\pgf@pt@y=\dimen263
\pgf@pt@temp=\dimen264
)
(/usr/local/texlive/2023/texmf-dist/tex/generic/pgf/basiclayer/pgfcorequick.cod
e.tex
File: pgfcorequick.code.tex 2023-01-15 v3.1.10 (3.1.10)
)
(/usr/local/texlive/2023/texmf-dist/tex/generic/pgf/basiclayer/pgfcoreobjects.c
ode.tex
File: pgfcoreobjects.code.tex 2023-01-15 v3.1.10 (3.1.10)
)
(/usr/local/texlive/2023/texmf-dist/tex/generic/pgf/basiclayer/pgfcorepathproce
ssing.code.tex
File: pgfcorepathprocessing.code.tex 2023-01-15 v3.1.10 (3.1.10)
)
(/usr/local/texlive/2023/texmf-dist/tex/generic/pgf/basiclayer/pgfcorearrows.co
de.tex
File: pgfcorearrows.code.tex 2023-01-15 v3.1.10 (3.1.10)
\pgfarrowsep=\dimen265
)
(/usr/local/texlive/2023/texmf-dist/tex/generic/pgf/basiclayer/pgfcoreshade.cod
e.tex
File: pgfcoreshade.code.tex 2023-01-15 v3.1.10 (3.1.10)
\pgf@max=\dimen266
\pgf@sys@shading@range@num=\count294
\pgf@shadingcount=\count295
)
(/usr/local/texlive/2023/texmf-dist/tex/generic/pgf/basiclayer/pgfcoreimage.cod
e.tex
File: pgfcoreimage.code.tex 2023-01-15 v3.1.10 (3.1.10)
)
(/usr/local/texlive/2023/texmf-dist/tex/generic/pgf/basiclayer/pgfcoreexternal.
code.tex
File: pgfcoreexternal.code.tex 2023-01-15 v3.1.10 (3.1.10)
\pgfexternal@startupbox=\box65
)
(/usr/local/texlive/2023/texmf-dist/tex/generic/pgf/basiclayer/pgfcorelayers.co
de.tex
File: pgfcorelayers.code.tex 2023-01-15 v3.1.10 (3.1.10)
)
(/usr/local/texlive/2023/texmf-dist/tex/generic/pgf/basiclayer/pgfcoretranspare
ncy.code.tex
File: pgfcoretransparency.code.tex 2023-01-15 v3.1.10 (3.1.10)
)
(/usr/local/texlive/2023/texmf-dist/tex/generic/pgf/basiclayer/pgfcorepatterns.
code.tex
File: pgfcorepatterns.code.tex 2023-01-15 v3.1.10 (3.1.10)
)
(/usr/local/texlive/2023/texmf-dist/tex/generic/pgf/basiclayer/pgfcorerdf.code.
tex
File: pgfcorerdf.code.tex 2023-01-15 v3.1.10 (3.1.10)
))) (/usr/local/texlive/2023/texmf-dist/tex/latex/pgf/utilities/xxcolor.sty
Package: xxcolor 2003/10/24 ver 0.1
\XC@nummixins=\count296
\XC@countmixins=\count297
) (/usr/local/texlive/2023/texmf-dist/tex/latex/base/atbegshi-ltx.sty
Package: atbegshi-ltx 2021/01/10 v1.0c Emulation of the original atbegshi
package with kernel methods
)
(/usr/local/texlive/2023/texmf-dist/tex/latex/hyperref/hyperref.sty
Package: hyperref 2023-02-07 v7.00v Hypertext links for LaTeX

(/usr/local/texlive/2023/texmf-dist/tex/generic/ltxcmds/ltxcmds.sty
Package: ltxcmds 2020-05-10 v1.25 LaTeX kernel commands for general use (HO)
)
(/usr/local/texlive/2023/texmf-dist/tex/generic/pdftexcmds/pdftexcmds.sty
Package: pdftexcmds 2020-06-27 v0.33 Utility functions of pdfTeX for LuaTeX (HO
)

(/usr/local/texlive/2023/texmf-dist/tex/generic/infwarerr/infwarerr.sty
Package: infwarerr 2019/12/03 v1.5 Providing info/warning/error messages (HO)
)
Package pdftexcmds Info: \pdf@primitive is available.
Package pdftexcmds Info: \pdf@ifprimitive is available.
Package pdftexcmds Info: \pdfdraftmode found.
)
(/usr/local/texlive/2023/texmf-dist/tex/latex/kvsetkeys/kvsetkeys.sty
Package: kvsetkeys 2022-10-05 v1.19 Key value parser (HO)
)
(/usr/local/texlive/2023/texmf-dist/tex/generic/kvdefinekeys/kvdefinekeys.sty
Package: kvdefinekeys 2019-12-19 v1.6 Define keys (HO)
)
(/usr/local/texlive/2023/texmf-dist/tex/generic/pdfescape/pdfescape.sty
Package: pdfescape 2019/12/09 v1.15 Implements pdfTeX's escape features (HO)
)
(/usr/local/texlive/2023/texmf-dist/tex/latex/hycolor/hycolor.sty
Package: hycolor 2020-01-27 v1.10 Color options for hyperref/bookmark (HO)
)
(/usr/local/texlive/2023/texmf-dist/tex/latex/letltxmacro/letltxmacro.sty
Package: letltxmacro 2019/12/03 v1.6 Let assignment for LaTeX macros (HO)
)
(/usr/local/texlive/2023/texmf-dist/tex/latex/auxhook/auxhook.sty
Package: auxhook 2019-12-17 v1.6 Hooks for auxiliary files (HO)
)
(/usr/local/texlive/2023/texmf-dist/tex/latex/hyperref/nameref.sty
Package: nameref 2022-05-17 v2.50 Cross-referencing by name of section

(/usr/local/texlive/2023/texmf-dist/tex/latex/refcount/refcount.sty
Package: refcount 2019/12/15 v3.6 Data extraction from label references (HO)
)
(/usr/local/texlive/2023/texmf-dist/tex/generic/gettitlestring/gettitlestring.s
ty
Package: gettitlestring 2019/12/15 v1.6 Cleanup title references (HO)
 (/usr/local/texlive/2023/texmf-dist/tex/latex/kvoptions/kvoptions.sty
Package: kvoptions 2022-06-15 v3.15 Key value format for package options (HO)
))
\c@section@level=\count298
)
\@linkdim=\dimen267
\Hy@linkcounter=\count299
\Hy@pagecounter=\count300

(/usr/local/texlive/2023/texmf-dist/tex/latex/hyperref/pd1enc.def
File: pd1enc.def 2023-02-07 v7.00v Hyperref: PDFDocEncoding definition (HO)
Now handling font encoding PD1 ...
... no UTF-8 mapping file for font encoding PD1
)
(/usr/local/texlive/2023/texmf-dist/tex/generic/intcalc/intcalc.sty
Package: intcalc 2019/12/15 v1.3 Expandable calculations with integers (HO)
)
(/usr/local/texlive/2023/texmf-dist/tex/generic/etexcmds/etexcmds.sty
Package: etexcmds 2019/12/15 v1.7 Avoid name clashes with e-TeX commands (HO)
)
\Hy@SavedSpaceFactor=\count301

(/usr/local/texlive/2023/texmf-dist/tex/latex/hyperref/puenc.def
File: puenc.def 2023-02-07 v7.00v Hyperref: PDF Unicode definition (HO)
Now handling font encoding PU ...
... no UTF-8 mapping file for font encoding PU
)
Package hyperref Info: Option `bookmarks' set `true' on input line 4060.
Package hyperref Info: Option `bookmarksopen' set `true' on input line 4060.
Package hyperref Info: Option `implicit' set `false' on input line 4060.
Package hyperref Info: Hyper figures OFF on input line 4177.
Package hyperref Info: Link nesting OFF on input line 4182.
Package hyperref Info: Hyper index ON on input line 4185.
Package hyperref Info: Plain pages OFF on input line 4192.
Package hyperref Info: Backreferencing OFF on input line 4197.
Package hyperref Info: Implicit mode OFF; no redefinition of LaTeX internals.
Package hyperref Info: Bookmarks ON on input line 4425.
\c@Hy@tempcnt=\count302

(/usr/local/texlive/2023/texmf-dist/tex/latex/url/url.sty
\Urlmuskip=\muskip16
Package: url 2013/09/16  ver 3.4  Verb mode for urls, etc.
)
LaTeX Info: Redefining \url on input line 4763.
\XeTeXLinkMargin=\dimen268

(/usr/local/texlive/2023/texmf-dist/tex/generic/bitset/bitset.sty
Package: bitset 2019/12/09 v1.3 Handle bit-vector datatype (HO)

(/usr/local/texlive/2023/texmf-dist/tex/generic/bigintcalc/bigintcalc.sty
Package: bigintcalc 2019/12/15 v1.5 Expandable calculations on big integers (HO
)
))
\Fld@menulength=\count303
\Field@Width=\dimen269
\Fld@charsize=\dimen270
Package hyperref Info: Hyper figures OFF on input line 6042.
Package hyperref Info: Link nesting OFF on input line 6047.
Package hyperref Info: Hyper index ON on input line 6050.
Package hyperref Info: backreferencing OFF on input line 6057.
Package hyperref Info: Link coloring OFF on input line 6062.
Package hyperref Info: Link coloring with OCG OFF on input line 6067.
Package hyperref Info: PDF/A mode OFF on input line 6072.
\Hy@abspage=\count304


Package hyperref Message: Stopped early.

)
Package hyperref Info: Driver (autodetected): hpdftex.
 (/usr/local/texlive/2023/texmf-dist/tex/latex/hyperref/hpdftex.def
File: hpdftex.def 2023-02-07 v7.00v Hyperref driver for pdfTeX

(/usr/local/texlive/2023/texmf-dist/tex/latex/base/atveryend-ltx.sty
Package: atveryend-ltx 2020/08/19 v1.0a Emulation of the original atveryend pac
kage
with kernel methods
)
\Fld@listcount=\count305
\c@bookmark@seq@number=\count306

(/usr/local/texlive/2023/texmf-dist/tex/latex/rerunfilecheck/rerunfilecheck.sty
Package: rerunfilecheck 2022-07-10 v1.10 Rerun checks for auxiliary files (HO)

(/usr/local/texlive/2023/texmf-dist/tex/generic/uniquecounter/uniquecounter.sty
Package: uniquecounter 2019/12/15 v1.4 Provide unlimited unique counter (HO)
)
Package uniquecounter Info: New unique counter `rerunfilecheck' on input line 2
85.
)) (/usr/local/texlive/2023/texmf-dist/tex/latex/beamer/beamerbaserequires.sty
(/usr/local/texlive/2023/texmf-dist/tex/latex/beamer/beamerbasecompatibility.st
y) (/usr/local/texlive/2023/texmf-dist/tex/latex/beamer/beamerbasefont.sty
(/usr/local/texlive/2023/texmf-dist/tex/latex/amsfonts/amssymb.sty
Package: amssymb 2013/01/14 v3.01 AMS font symbols

(/usr/local/texlive/2023/texmf-dist/tex/latex/amsfonts/amsfonts.sty
Package: amsfonts 2013/01/14 v3.01 Basic AMSFonts support
\@emptytoks=\toks28
\symAMSa=\mathgroup4
\symAMSb=\mathgroup5
LaTeX Font Info:    Redeclaring math symbol \hbar on input line 98.
LaTeX Font Info:    Overwriting math alphabet `\mathfrak' in version `bold'
(Font)                  U/euf/m/n --> U/euf/b/n on input line 106.
))
(/usr/local/texlive/2023/texmf-dist/tex/latex/sansmathaccent/sansmathaccent.sty
Package: sansmathaccent 2020/01/31
(/usr/local/texlive/2023/texmf-dist/tex/latex/koma-script/scrlfile.sty
Package: scrlfile 2022/10/12 v3.38 KOMA-Script package (file load hooks)

(/usr/local/texlive/2023/texmf-dist/tex/latex/koma-script/scrlfile-hook.sty
Package: scrlfile-hook 2022/10/12 v3.38 KOMA-Script package (using LaTeX hooks)


(/usr/local/texlive/2023/texmf-dist/tex/latex/koma-script/scrlogo.sty
Package: scrlogo 2022/10/12 v3.38 KOMA-Script package (logo)
)))))
(/usr/local/texlive/2023/texmf-dist/tex/latex/beamer/beamerbasetranslator.sty
(/usr/local/texlive/2023/texmf-dist/tex/latex/translator/translator.sty
Package: translator 2021-05-31 v1.12d Easy translation of strings in LaTeX
))
(/usr/local/texlive/2023/texmf-dist/tex/latex/beamer/beamerbasemisc.sty)
(/usr/local/texlive/2023/texmf-dist/tex/latex/beamer/beamerbasetwoscreens.sty)
(/usr/local/texlive/2023/texmf-dist/tex/latex/beamer/beamerbaseoverlay.sty
\beamer@argscount=\count307
\beamer@lastskipcover=\skip51
\beamer@trivlistdepth=\count308
)
(/usr/local/texlive/2023/texmf-dist/tex/latex/beamer/beamerbasetitle.sty)
(/usr/local/texlive/2023/texmf-dist/tex/latex/beamer/beamerbasesection.sty
\c@lecture=\count309
\c@part=\count310
\c@section=\count311
\c@subsection=\count312
\c@subsubsection=\count313
)
(/usr/local/texlive/2023/texmf-dist/tex/latex/beamer/beamerbaseframe.sty
\beamer@framebox=\box66
\beamer@frametitlebox=\box67
\beamer@zoombox=\box68
\beamer@zoomcount=\count314
\beamer@zoomframecount=\count315
\beamer@frametextheight=\dimen271
\c@subsectionslide=\count316
\beamer@frametopskip=\skip52
\beamer@framebottomskip=\skip53
\beamer@frametopskipautobreak=\skip54
\beamer@framebottomskipautobreak=\skip55
\beamer@envbody=\toks29
\framewidth=\dimen272
\c@framenumber=\count317
)
(/usr/local/texlive/2023/texmf-dist/tex/latex/beamer/beamerbaseverbatim.sty
\beamer@verbatimfileout=\write4
)
(/usr/local/texlive/2023/texmf-dist/tex/latex/beamer/beamerbaseframesize.sty
\beamer@splitbox=\box69
\beamer@autobreakcount=\count318
\beamer@autobreaklastheight=\dimen273
\beamer@frametitletoks=\toks30
\beamer@framesubtitletoks=\toks31
)
(/usr/local/texlive/2023/texmf-dist/tex/latex/beamer/beamerbaseframecomponents.
sty
\beamer@footins=\box70
) (/usr/local/texlive/2023/texmf-dist/tex/latex/beamer/beamerbasecolor.sty)
(/usr/local/texlive/2023/texmf-dist/tex/latex/beamer/beamerbasenotes.sty
\beamer@frameboxcopy=\box71
)
(/usr/local/texlive/2023/texmf-dist/tex/latex/beamer/beamerbasetoc.sty)
(/usr/local/texlive/2023/texmf-dist/tex/latex/beamer/beamerbasetemplates.sty
\beamer@sbttoks=\toks32

(/usr/local/texlive/2023/texmf-dist/tex/latex/beamer/beamerbaseauxtemplates.sty
(/usr/local/texlive/2023/texmf-dist/tex/latex/beamer/beamerbaseboxes.sty
\bmb@box=\box72
\bmb@colorbox=\box73
\bmb@boxwidth=\dimen274
\bmb@boxheight=\dimen275
\bmb@prevheight=\dimen276
\bmb@temp=\dimen277
\bmb@dima=\dimen278
\bmb@dimb=\dimen279
\bmb@prevheight=\dimen280
)
\beamer@blockheadheight=\dimen281
))
(/usr/local/texlive/2023/texmf-dist/tex/latex/beamer/beamerbaselocalstructure.s
ty (/usr/local/texlive/2023/texmf-dist/tex/latex/tools/enumerate.sty
Package: enumerate 2015/07/23 v3.00 enumerate extensions (DPC)
\@enLab=\toks33
)
\beamer@bibiconwidth=\skip56
\c@figure=\count319
\c@table=\count320
\abovecaptionskip=\skip57
\belowcaptionskip=\skip58
)
(/usr/local/texlive/2023/texmf-dist/tex/latex/beamer/beamerbasenavigation.sty
(/usr/local/texlive/2023/texmf-dist/tex/latex/beamer/beamerbasenavigationsymbol
s.tex)
\beamer@section@min@dim=\dimen282
)
(/usr/local/texlive/2023/texmf-dist/tex/latex/beamer/beamerbasetheorems.sty
(/usr/local/texlive/2023/texmf-dist/tex/latex/amsmath/amsmath.sty
Package: amsmath 2022/04/08 v2.17n AMS math features
\@mathmargin=\skip59

For additional information on amsmath, use the `?' option.
(/usr/local/texlive/2023/texmf-dist/tex/latex/amsmath/amstext.sty
Package: amstext 2021/08/26 v2.01 AMS text

(/usr/local/texlive/2023/texmf-dist/tex/latex/amsmath/amsgen.sty
File: amsgen.sty 1999/11/30 v2.0 generic functions
\@emptytoks=\toks34
\ex@=\dimen283
))
(/usr/local/texlive/2023/texmf-dist/tex/latex/amsmath/amsbsy.sty
Package: amsbsy 1999/11/29 v1.2d Bold Symbols
\pmbraise@=\dimen284
)
(/usr/local/texlive/2023/texmf-dist/tex/latex/amsmath/amsopn.sty
Package: amsopn 2022/04/08 v2.04 operator names
)
\inf@bad=\count321
LaTeX Info: Redefining \frac on input line 234.
\uproot@=\count322
\leftroot@=\count323
LaTeX Info: Redefining \overline on input line 399.
LaTeX Info: Redefining \colon on input line 410.
\classnum@=\count324
\DOTSCASE@=\count325
LaTeX Info: Redefining \ldots on input line 496.
LaTeX Info: Redefining \dots on input line 499.
LaTeX Info: Redefining \cdots on input line 620.
\Mathstrutbox@=\box74
\strutbox@=\box75
LaTeX Info: Redefining \big on input line 722.
LaTeX Info: Redefining \Big on input line 723.
LaTeX Info: Redefining \bigg on input line 724.
LaTeX Info: Redefining \Bigg on input line 725.
\big@size=\dimen285
LaTeX Font Info:    Redeclaring font encoding OML on input line 743.
LaTeX Font Info:    Redeclaring font encoding OMS on input line 744.
\macc@depth=\count326
LaTeX Info: Redefining \bmod on input line 905.
LaTeX Info: Redefining \pmod on input line 910.
LaTeX Info: Redefining \smash on input line 940.
LaTeX Info: Redefining \relbar on input line 970.
LaTeX Info: Redefining \Relbar on input line 971.
\c@MaxMatrixCols=\count327
\dotsspace@=\muskip17
\c@parentequation=\count328
\dspbrk@lvl=\count329
\tag@help=\toks35
\row@=\count330
\column@=\count331
\maxfields@=\count332
\andhelp@=\toks36
\eqnshift@=\dimen286
\alignsep@=\dimen287
\tagshift@=\dimen288
\tagwidth@=\dimen289
\totwidth@=\dimen290
\lineht@=\dimen291
\@envbody=\toks37
\multlinegap=\skip60
\multlinetaggap=\skip61
\mathdisplay@stack=\toks38
LaTeX Info: Redefining \[ on input line 2953.
LaTeX Info: Redefining \] on input line 2954.
)
(/usr/local/texlive/2023/texmf-dist/tex/latex/amscls/amsthm.sty
Package: amsthm 2020/05/29 v2.20.6
\thm@style=\toks39
\thm@bodyfont=\toks40
\thm@headfont=\toks41
\thm@notefont=\toks42
\thm@headpunct=\toks43
\thm@preskip=\skip62
\thm@postskip=\skip63
\thm@headsep=\skip64
\dth@everypar=\toks44
)
\c@theorem=\count333
)
(/usr/local/texlive/2023/texmf-dist/tex/latex/beamer/beamerbasethemes.sty))
(/usr/local/texlive/2023/texmf-dist/tex/latex/beamer/beamerthemedefault.sty
(/usr/local/texlive/2023/texmf-dist/tex/latex/beamer/beamerfontthemedefault.sty
)
(/usr/local/texlive/2023/texmf-dist/tex/latex/beamer/beamercolorthemedefault.st
y)
(/usr/local/texlive/2023/texmf-dist/tex/latex/beamer/beamerinnerthemedefault.st
y
\beamer@dima=\dimen292
\beamer@dimb=\dimen293
)
(/usr/local/texlive/2023/texmf-dist/tex/latex/beamer/beamerouterthemedefault.st
y)))
(/usr/local/texlive/2023/texmf-dist/tex/latex/beamer/beamercolorthemedove.sty)
(/usr/local/texlive/2023/texmf-dist/tex/latex/tools/multicol.sty
Package: multicol 2021/11/30 v1.9d multicolumn formatting (FMi)
\c@tracingmulticols=\count334
\mult@box=\box76
\multicol@leftmargin=\dimen294
\c@unbalance=\count335
\c@collectmore=\count336
\doublecol@number=\count337
\multicoltolerance=\count338
\multicolpretolerance=\count339
\full@width=\dimen295
\page@free=\dimen296
\premulticols=\dimen297
\postmulticols=\dimen298
\multicolsep=\skip65
\multicolbaselineskip=\skip66
\partial@page=\box77
\last@line=\box78
\maxbalancingoverflow=\dimen299
\mult@rightbox=\box79
\mult@grightbox=\box80
\mult@firstbox=\box81
\mult@gfirstbox=\box82
\@tempa=\box83
\@tempa=\box84
\@tempa=\box85
\@tempa=\box86
\@tempa=\box87
\@tempa=\box88
\@tempa=\box89
\@tempa=\box90
\@tempa=\box91
\@tempa=\box92
\@tempa=\box93
\@tempa=\box94
\@tempa=\box95
\@tempa=\box96
\@tempa=\box97
\@tempa=\box98
\@tempa=\box99
\@tempa=\box100
\@tempa=\box101
\@tempa=\box102
\@tempa=\box103
\@tempa=\box104
\@tempa=\box105
\@tempa=\box106
\@tempa=\box107
\@tempa=\box108
\@tempa=\box109
\@tempa=\box110
\@tempa=\box111
\@tempa=\box112
\@tempa=\box113
\@tempa=\box114
\@tempa=\box115
\@tempa=\box116
\@tempa=\box117
\@tempa=\box118
\c@minrows=\count340
\c@columnbadness=\count341
\c@finalcolumnbadness=\count342
\last@try=\dimen300
\multicolovershoot=\dimen301
\multicolundershoot=\dimen302
\mult@nat@firstbox=\box119
\colbreak@box=\box120
\mc@col@check@num=\count343
)
(/usr/local/texlive/2023/texmf-dist/tex/latex/subfigure/subfigure.sty
Package: subfigure 2002/03/15 v2.1.5 subfigure package
\subfigtopskip=\skip67
\subfigcapskip=\skip68
\subfigcaptopadj=\dimen303
\subfigbottomskip=\skip69
\subfigcapmargin=\dimen304
\subfiglabelskip=\skip70
\c@subfigure=\count344
\c@lofdepth=\count345
\c@subtable=\count346
\c@lotdepth=\count347

****************************************
* Local config file subfigure.cfg used *
****************************************
(/usr/local/texlive/2023/texmf-dist/tex/latex/subfigure/subfigure.cfg)
\subfig@top=\skip71
\subfig@bottom=\skip72
)
\sympureletters=\mathgroup6
LaTeX Font Info:    Overwriting symbol font `pureletters' in version `bold'
(Font)                  OT1/mathkerncmss/m/sl --> OT1/mathkerncmss/bx/sl on inp
ut line 9.

(/usr/local/texlive/2023/texmf-dist/tex/latex/tools/bm.sty
Package: bm 2022/01/05 v1.2f Bold Symbol Support (DPC/FMi)
\symboldoperators=\mathgroup7
\symboldletters=\mathgroup8
\symboldsymbols=\mathgroup9
Package bm Info: No bold for \OMX/cmex/m/n, using \pmb.
Package bm Info: No bold for \U/msa/m/n, using \pmb.
Package bm Info: No bold for \U/msb/m/n, using \pmb.
\symboldpureletters=\mathgroup10
LaTeX Font Info:    Redeclaring math alphabet \mathbf on input line 149.
)
(/usr/local/texlive/2023/texmf-dist/tex/latex/tools/tabularx.sty
Package: tabularx 2020/01/15 v2.11c `tabularx' package (DPC)

(/usr/local/texlive/2023/texmf-dist/tex/latex/tools/array.sty
Package: array 2022/09/04 v2.5g Tabular extension package (FMi)
\col@sep=\dimen305
\ar@mcellbox=\box121
\extrarowheight=\dimen306
\NC@list=\toks45
\extratabsurround=\skip73
\backup@length=\skip74
\ar@cellbox=\box122
)
\TX@col@width=\dimen307
\TX@old@table=\dimen308
\TX@old@col=\dimen309
\TX@target=\dimen310
\TX@delta=\dimen311
\TX@cols=\count348
\TX@ftn=\toks46
)
(/usr/local/texlive/2023/texmf-dist/tex/latex/booktabs/booktabs.sty
Package: booktabs 2020/01/12 v1.61803398 Publication quality tables
\heavyrulewidth=\dimen312
\lightrulewidth=\dimen313
\cmidrulewidth=\dimen314
\belowrulesep=\dimen315
\belowbottomsep=\dimen316
\aboverulesep=\dimen317
\abovetopsep=\dimen318
\cmidrulesep=\dimen319
\cmidrulekern=\dimen320
\defaultaddspace=\dimen321
\@cmidla=\count349
\@cmidlb=\count350
\@aboverulesep=\dimen322
\@belowrulesep=\dimen323
\@thisruleclass=\count351
\@lastruleclass=\count352
\@thisrulewidth=\dimen324
)
(/usr/local/texlive/2023/texmf-dist/tex/latex/pdfpages/pdfpages.sty
Package: pdfpages 2022/12/19 v0.5x Insert pages of external PDF documents (AM)

(/usr/local/texlive/2023/texmf-dist/tex/latex/base/ifthen.sty
Package: ifthen 2022/04/13 v1.1d Standard LaTeX ifthen package (DPC)
)
(/usr/local/texlive/2023/texmf-dist/tex/latex/tools/calc.sty
Package: calc 2017/05/25 v4.3 Infix arithmetic (KKT,FJ)
\calc@Acount=\count353
\calc@Bcount=\count354
\calc@Adimen=\dimen325
\calc@Bdimen=\dimen326
\calc@Askip=\skip75
\calc@Bskip=\skip76
LaTeX Info: Redefining \setlength on input line 80.
LaTeX Info: Redefining \addtolength on input line 81.
\calc@Ccount=\count355
\calc@Cskip=\skip77
)
(/usr/local/texlive/2023/texmf-dist/tex/latex/eso-pic/eso-pic.sty
Package: eso-pic 2020/10/14 v3.0a eso-pic (RN)
\ESO@tempdima=\dimen327
\ESO@tempdimb=\dimen328
)
\AM@pagewidth=\dimen329
\AM@pageheight=\dimen330
\AM@fboxrule=\dimen331

(/usr/local/texlive/2023/texmf-dist/tex/latex/pdfpages/pppdftex.def
File: pppdftex.def 2022/12/19 v0.5x Pdfpages driver for pdfTeX (AM)
)
\pdfpages@includegraphics@status=\count356
\AM@pagebox=\box123
\AM@global@opts=\toks47
\AM@pagecnt=\count357
\AM@toc@title=\toks48
\AM@lof@heading=\toks49
\c@AM@survey=\count358
\AM@templatesizebox=\box124
)
(/usr/local/texlive/2023/texmf-dist/tex/latex/oberdiek/stackrel.sty
Package: stackrel 2016/05/16 v1.3 Adding subscript option to stackrel (HO)
)
(/usr/local/texlive/2023/texmf-dist/tex/latex/pgf/frontendlayer/tikz.sty
(/usr/local/texlive/2023/texmf-dist/tex/latex/pgf/basiclayer/pgf.sty
Package: pgf 2023-01-15 v3.1.10 (3.1.10)

(/usr/local/texlive/2023/texmf-dist/tex/generic/pgf/modules/pgfmoduleshapes.cod
e.tex
File: pgfmoduleshapes.code.tex 2023-01-15 v3.1.10 (3.1.10)
\pgfnodeparttextbox=\box125
)
(/usr/local/texlive/2023/texmf-dist/tex/generic/pgf/modules/pgfmoduleplot.code.
tex
File: pgfmoduleplot.code.tex 2023-01-15 v3.1.10 (3.1.10)
)
(/usr/local/texlive/2023/texmf-dist/tex/latex/pgf/compatibility/pgfcomp-version
-0-65.sty
Package: pgfcomp-version-0-65 2023-01-15 v3.1.10 (3.1.10)
\pgf@nodesepstart=\dimen332
\pgf@nodesepend=\dimen333
)
(/usr/local/texlive/2023/texmf-dist/tex/latex/pgf/compatibility/pgfcomp-version
-1-18.sty
Package: pgfcomp-version-1-18 2023-01-15 v3.1.10 (3.1.10)
))
(/usr/local/texlive/2023/texmf-dist/tex/latex/pgf/utilities/pgffor.sty
(/usr/local/texlive/2023/texmf-dist/tex/generic/pgf/utilities/pgffor.code.tex
Package: pgffor 2023-01-15 v3.1.10 (3.1.10)
\pgffor@iter=\dimen334
\pgffor@skip=\dimen335
\pgffor@stack=\toks50
\pgffor@toks=\toks51
))
(/usr/local/texlive/2023/texmf-dist/tex/generic/pgf/frontendlayer/tikz/tikz.cod
e.tex
Package: tikz 2023-01-15 v3.1.10 (3.1.10)

(/usr/local/texlive/2023/texmf-dist/tex/generic/pgf/libraries/pgflibraryplothan
dlers.code.tex
File: pgflibraryplothandlers.code.tex 2023-01-15 v3.1.10 (3.1.10)
\pgf@plot@mark@count=\count359
\pgfplotmarksize=\dimen336
)
\tikz@lastx=\dimen337
\tikz@lasty=\dimen338
\tikz@lastxsaved=\dimen339
\tikz@lastysaved=\dimen340
\tikz@lastmovetox=\dimen341
\tikz@lastmovetoy=\dimen342
\tikzleveldistance=\dimen343
\tikzsiblingdistance=\dimen344
\tikz@figbox=\box126
\tikz@figbox@bg=\box127
\tikz@tempbox=\box128
\tikz@tempbox@bg=\box129
\tikztreelevel=\count360
\tikznumberofchildren=\count361
\tikznumberofcurrentchild=\count362
\tikz@fig@count=\count363

(/usr/local/texlive/2023/texmf-dist/tex/generic/pgf/modules/pgfmodulematrix.cod
e.tex
File: pgfmodulematrix.code.tex 2023-01-15 v3.1.10 (3.1.10)
\pgfmatrixcurrentrow=\count364
\pgfmatrixcurrentcolumn=\count365
\pgf@matrix@numberofcolumns=\count366
)
\tikz@expandcount=\count367

(/usr/local/texlive/2023/texmf-dist/tex/generic/pgf/frontendlayer/tikz/librarie
s/tikzlibrarytopaths.code.tex
File: tikzlibrarytopaths.code.tex 2023-01-15 v3.1.10 (3.1.10)
)))
(/usr/local/texlive/2023/texmf-dist/tex/generic/pgf/frontendlayer/tikz/librarie
s/tikzlibraryarrows.code.tex
File: tikzlibraryarrows.code.tex 2023-01-15 v3.1.10 (3.1.10)

(/usr/local/texlive/2023/texmf-dist/tex/generic/pgf/libraries/pgflibraryarrows.
code.tex
File: pgflibraryarrows.code.tex 2023-01-15 v3.1.10 (3.1.10)
\arrowsize=\dimen345
))
(/usr/local/texlive/2023/texmf-dist/tex/generic/pgf/frontendlayer/tikz/librarie
s/tikzlibraryshapes.arrows.code.tex
File: tikzlibraryshapes.arrows.code.tex 2023-01-15 v3.1.10 (3.1.10)

(/usr/local/texlive/2023/texmf-dist/tex/generic/pgf/libraries/shapes/pgflibrary
shapes.arrows.code.tex
File: pgflibraryshapes.arrows.code.tex 2023-01-15 v3.1.10 (3.1.10)
))
(/usr/local/texlive/2023/texmf-dist/tex/generic/pgf/frontendlayer/tikz/librarie
s/tikzlibrarypositioning.code.tex
File: tikzlibrarypositioning.code.tex 2023-01-15 v3.1.10 (3.1.10)
)
(/usr/local/texlive/2023/texmf-dist/tex/generic/pgf/frontendlayer/tikz/librarie
s/tikzlibraryshapes.code.tex
File: tikzlibraryshapes.code.tex 2023-01-15 v3.1.10 (3.1.10)

(/usr/local/texlive/2023/texmf-dist/tex/generic/pgf/frontendlayer/tikz/librarie
s/tikzlibraryshapes.geometric.code.tex
File: tikzlibraryshapes.geometric.code.tex 2023-01-15 v3.1.10 (3.1.10)

(/usr/local/texlive/2023/texmf-dist/tex/generic/pgf/libraries/shapes/pgflibrary
shapes.geometric.code.tex
File: pgflibraryshapes.geometric.code.tex 2023-01-15 v3.1.10 (3.1.10)
))
(/usr/local/texlive/2023/texmf-dist/tex/generic/pgf/frontendlayer/tikz/librarie
s/tikzlibraryshapes.misc.code.tex
File: tikzlibraryshapes.misc.code.tex 2023-01-15 v3.1.10 (3.1.10)

(/usr/local/texlive/2023/texmf-dist/tex/generic/pgf/libraries/shapes/pgflibrary
shapes.misc.code.tex
File: pgflibraryshapes.misc.code.tex 2023-01-15 v3.1.10 (3.1.10)
))
(/usr/local/texlive/2023/texmf-dist/tex/generic/pgf/frontendlayer/tikz/librarie
s/tikzlibraryshapes.symbols.code.tex
File: tikzlibraryshapes.symbols.code.tex 2023-01-15 v3.1.10 (3.1.10)

(/usr/local/texlive/2023/texmf-dist/tex/generic/pgf/libraries/shapes/pgflibrary
shapes.symbols.code.tex
File: pgflibraryshapes.symbols.code.tex 2023-01-15 v3.1.10 (3.1.10)
))
(/usr/local/texlive/2023/texmf-dist/tex/generic/pgf/frontendlayer/tikz/librarie
s/tikzlibraryshapes.callouts.code.tex
(/usr/local/texlive/2023/texmf-dist/tex/generic/pgf/libraries/shapes/pgflibrary
shapes.callouts.code.tex))
(/usr/local/texlive/2023/texmf-dist/tex/generic/pgf/frontendlayer/tikz/librarie
s/tikzlibraryshapes.multipart.code.tex
File: tikzlibraryshapes.multipart.code.tex 2023-01-15 v3.1.10 (3.1.10)

(/usr/local/texlive/2023/texmf-dist/tex/generic/pgf/libraries/shapes/pgflibrary
shapes.multipart.code.tex
File: pgflibraryshapes.multipart.code.tex 2023-01-15 v3.1.10 (3.1.10)
\pgfnodepartlowerbox=\box130
\pgfnodeparttwobox=\box131
\pgfnodepartthreebox=\box132
\pgfnodepartfourbox=\box133
\pgfnodeparttwentybox=\box134
\pgfnodepartnineteenbox=\box135
\pgfnodeparteighteenbox=\box136
\pgfnodepartseventeenbox=\box137
\pgfnodepartsixteenbox=\box138
\pgfnodepartfifteenbox=\box139
\pgfnodepartfourteenbox=\box140
\pgfnodepartthirteenbox=\box141
\pgfnodeparttwelvebox=\box142
\pgfnodepartelevenbox=\box143
\pgfnodeparttenbox=\box144
\pgfnodepartninebox=\box145
\pgfnodeparteightbox=\box146
\pgfnodepartsevenbox=\box147
\pgfnodepartsixbox=\box148
\pgfnodepartfivebox=\box149
)))
(/usr/local/texlive/2023/texmf-dist/tex/generic/pgf/frontendlayer/tikz/librarie
s/tikzlibrarypatterns.code.tex
File: tikzlibrarypatterns.code.tex 2023-01-15 v3.1.10 (3.1.10)

(/usr/local/texlive/2023/texmf-dist/tex/generic/pgf/libraries/pgflibrarypattern
s.code.tex
File: pgflibrarypatterns.code.tex 2023-01-15 v3.1.10 (3.1.10)
))
(/usr/local/texlive/2023/texmf-dist/tex/generic/pgf/frontendlayer/tikz/librarie
s/tikzlibrarycalc.code.tex
File: tikzlibrarycalc.code.tex 2023-01-15 v3.1.10 (3.1.10)
)
\pgf@layerbox@bg=\box150
\pgf@layerboxsaved@bg=\box151

(/usr/local/texlive/2023/texmf-dist/tex/latex/natbib/natbib.sty
Package: natbib 2010/09/13 8.31b (PWD, AO)
\bibhang=\skip78
\bibsep=\skip79
LaTeX Info: Redefining \cite on input line 694.
\c@NAT@ctr=\count368
)
(/usr/local/texlive/2023/texmf-dist/tex/latex/mathtools/mathtools.sty
Package: mathtools 2022/06/29 v1.29 mathematical typesetting tools

(/usr/local/texlive/2023/texmf-dist/tex/latex/mathtools/mhsetup.sty
Package: mhsetup 2021/03/18 v1.4 programming setup (MH)
)
\g_MT_multlinerow_int=\count369
\l_MT_multwidth_dim=\dimen346
\origjot=\skip80
\l_MT_shortvdotswithinadjustabove_dim=\dimen347
\l_MT_shortvdotswithinadjustbelow_dim=\dimen348
\l_MT_above_intertext_sep=\dimen349
\l_MT_below_intertext_sep=\dimen350
\l_MT_above_shortintertext_sep=\dimen351
\l_MT_below_shortintertext_sep=\dimen352
\xmathstrut@box=\box152
\xmathstrut@dim=\dimen353
)
(/usr/local/texlive/2023/texmf-dist/tex/latex/l3backend/l3backend-pdftex.def
File: l3backend-pdftex.def 2023-01-16 L3 backend support: PDF output (pdfTeX)
\l__color_backend_stack_int=\count370
\l__pdf_internal_box=\box153
)
(./lec1.aux)
\openout1 = `lec1.aux'.

LaTeX Font Info:    Checking defaults for OML/cmm/m/it on input line 266.
LaTeX Font Info:    ... okay on input line 266.
LaTeX Font Info:    Checking defaults for OMS/cmsy/m/n on input line 266.
LaTeX Font Info:    ... okay on input line 266.
LaTeX Font Info:    Checking defaults for OT1/cmr/m/n on input line 266.
LaTeX Font Info:    ... okay on input line 266.
LaTeX Font Info:    Checking defaults for T1/cmr/m/n on input line 266.
LaTeX Font Info:    ... okay on input line 266.
LaTeX Font Info:    Checking defaults for TS1/cmr/m/n on input line 266.
LaTeX Font Info:    ... okay on input line 266.
LaTeX Font Info:    Checking defaults for OMX/cmex/m/n on input line 266.
LaTeX Font Info:    ... okay on input line 266.
LaTeX Font Info:    Checking defaults for U/cmr/m/n on input line 266.
LaTeX Font Info:    ... okay on input line 266.
LaTeX Font Info:    Checking defaults for PD1/pdf/m/n on input line 266.
LaTeX Font Info:    ... okay on input line 266.
LaTeX Font Info:    Checking defaults for PU/pdf/m/n on input line 266.
LaTeX Font Info:    ... okay on input line 266.

*geometry* driver: auto-detecting
*geometry* detected driver: pdftex
*geometry* verbose mode - [ preamble ] result:
* driver: pdftex
* paper: custom
* layout: <same size as paper>
* layoutoffset:(h,v)=(0.0pt,0.0pt)
* modes: includehead includefoot 
* h-part:(L,W,R)=(28.45274pt, 307.28987pt, 28.45274pt)
* v-part:(T,H,B)=(0.0pt, 273.14662pt, 0.0pt)
* \paperwidth=364.19536pt
* \paperheight=273.14662pt
* \textwidth=307.28987pt
* \textheight=244.6939pt
* \oddsidemargin=-43.81725pt
* \evensidemargin=-43.81725pt
* \topmargin=-72.26999pt
* \headheight=14.22636pt
* \headsep=0.0pt
* \topskip=11.0pt
* \footskip=14.22636pt
* \marginparwidth=4.0pt
* \marginparsep=10.0pt
* \columnsep=10.0pt
* \skip\footins=10.0pt plus 4.0pt minus 2.0pt
* \hoffset=0.0pt
* \voffset=0.0pt
* \mag=1000
* \@twocolumnfalse
* \@twosidefalse
* \@mparswitchfalse
* \@reversemarginfalse
* (1in=72.27pt=25.4mm, 1cm=28.453pt)

(/usr/local/texlive/2023/texmf-dist/tex/context/base/mkii/supp-pdf.mkii
[Loading MPS to PDF converter (version 2006.09.02).]
\scratchcounter=\count371
\scratchdimen=\dimen354
\scratchbox=\box154
\nofMPsegments=\count372
\nofMParguments=\count373
\everyMPshowfont=\toks52
\MPscratchCnt=\count374
\MPscratchDim=\dimen355
\MPnumerator=\count375
\makeMPintoPDFobject=\count376
\everyMPtoPDFconversion=\toks53
) (/usr/local/texlive/2023/texmf-dist/tex/latex/epstopdf-pkg/epstopdf-base.sty
Package: epstopdf-base 2020-01-24 v2.11 Base part for package epstopdf
Package epstopdf-base Info: Redefining graphics rule for `.eps' on input line 4
85.

(/usr/local/texlive/2023/texmf-dist/tex/latex/latexconfig/epstopdf-sys.cfg
File: epstopdf-sys.cfg 2010/07/13 v1.3 Configuration of (r)epstopdf for TeX Liv
e
))
Package hyperref Info: Link coloring OFF on input line 266.

(./lec1.out) (./lec1.out)
\@outlinefile=\write5
\openout5 = `lec1.out'.

LaTeX Font Info:    Overwriting symbol font `operators' in version `normal'
(Font)                  OT1/cmr/m/n --> OT1/cmss/m/n on input line 266.
LaTeX Font Info:    Overwriting symbol font `operators' in version `bold'
(Font)                  OT1/cmr/bx/n --> OT1/cmss/b/n on input line 266.
\symnumbers=\mathgroup11
LaTeX Font Info:    Redeclaring symbol font `pureletters' on input line 266.
LaTeX Font Info:    Overwriting symbol font `pureletters' in version `normal'
(Font)                  OT1/mathkerncmss/m/sl --> OT1/cmss/m/it on input line 2
66.
LaTeX Font Info:    Overwriting symbol font `pureletters' in version `bold'
(Font)                  OT1/mathkerncmss/bx/sl --> OT1/cmss/m/it on input line 
266.
LaTeX Font Info:    Overwriting math alphabet `\mathrm' in version `normal'
(Font)                  OT1/cmss/m/n --> OT1/cmr/m/n on input line 266.
LaTeX Font Info:    Redeclaring math alphabet \mathbf on input line 266.
LaTeX Font Info:    Redeclaring math alphabet \mathsf on input line 266.
LaTeX Font Info:    Overwriting math alphabet `\mathsf' in version `normal'
(Font)                  OT1/cmss/m/n --> OT1/cmss/m/n on input line 266.
LaTeX Font Info:    Overwriting math alphabet `\mathsf' in version `bold'
(Font)                  OT1/cmss/bx/n --> OT1/cmss/m/n on input line 266.
LaTeX Font Info:    Redeclaring math alphabet \mathit on input line 266.
LaTeX Font Info:    Overwriting math alphabet `\mathit' in version `normal'
(Font)                  OT1/cmr/m/it --> OT1/cmss/m/it on input line 266.
LaTeX Font Info:    Overwriting math alphabet `\mathit' in version `bold'
(Font)                  OT1/cmr/bx/it --> OT1/cmss/m/it on input line 266.
LaTeX Font Info:    Redeclaring math alphabet \mathtt on input line 266.
LaTeX Font Info:    Overwriting math alphabet `\mathtt' in version `normal'
(Font)                  OT1/cmtt/m/n --> OT1/cmtt/m/n on input line 266.
LaTeX Font Info:    Overwriting math alphabet `\mathtt' in version `bold'
(Font)                  OT1/cmtt/m/n --> OT1/cmtt/m/n on input line 266.
LaTeX Font Info:    Overwriting symbol font `numbers' in version `bold'
(Font)                  OT1/cmss/m/n --> OT1/cmss/b/n on input line 266.
LaTeX Font Info:    Overwriting symbol font `pureletters' in version `bold'
(Font)                  OT1/cmss/m/it --> OT1/cmss/b/it on input line 266.
LaTeX Font Info:    Overwriting math alphabet `\mathrm' in version `bold'
(Font)                  OT1/cmss/b/n --> OT1/cmr/b/n on input line 266.
LaTeX Font Info:    Overwriting math alphabet `\mathbf' in version `bold'
(Font)                  OT1/cmss/b/n --> OT1/cmss/b/n on input line 266.
LaTeX Font Info:    Overwriting math alphabet `\mathsf' in version `bold'
(Font)                  OT1/cmss/m/n --> OT1/cmss/b/n on input line 266.
LaTeX Font Info:    Overwriting math alphabet `\mathit' in version `bold'
(Font)                  OT1/cmss/m/it --> OT1/cmss/b/it on input line 266.
LaTeX Font Info:    Overwriting math alphabet `\mathtt' in version `bold'
(Font)                  OT1/cmtt/m/n --> OT1/cmtt/b/n on input line 266.
LaTeX Font Info:    Redeclaring symbol font `pureletters' on input line 266.
LaTeX Font Info:    Overwriting symbol font `pureletters' in version `normal'
(Font)                  OT1/cmss/m/it --> OT1/mathkerncmss/m/sl on input line 2
66.
LaTeX Font Info:    Overwriting symbol font `pureletters' in version `bold'
(Font)                  OT1/cmss/b/it --> OT1/mathkerncmss/m/sl on input line 2
66.
LaTeX Font Info:    Overwriting symbol font `pureletters' in version `bold'
(Font)                  OT1/mathkerncmss/m/sl --> OT1/mathkerncmss/bx/sl on inp
ut line 266.

(/usr/local/texlive/2023/texmf-dist/tex/latex/translator/translator-basic-dicti
onary-English.dict
Dictionary: translator-basic-dictionary, Language: English 
)
(/usr/local/texlive/2023/texmf-dist/tex/latex/translator/translator-bibliograph
y-dictionary-English.dict
Dictionary: translator-bibliography-dictionary, Language: English 
)
(/usr/local/texlive/2023/texmf-dist/tex/latex/translator/translator-environment
-dictionary-English.dict
Dictionary: translator-environment-dictionary, Language: English 
)
(/usr/local/texlive/2023/texmf-dist/tex/latex/translator/translator-months-dict
ionary-English.dict
Dictionary: translator-months-dictionary, Language: English 
)
(/usr/local/texlive/2023/texmf-dist/tex/latex/translator/translator-numbers-dic
tionary-English.dict
Dictionary: translator-numbers-dictionary, Language: English 
)
(/usr/local/texlive/2023/texmf-dist/tex/latex/translator/translator-theorem-dic
tionary-English.dict
Dictionary: translator-theorem-dictionary, Language: English 
)
(/usr/local/texlive/2023/texmf-dist/tex/latex/pdflscape/pdflscape.sty
Package: pdflscape 2022-10-27 v0.13 Display of landscape pages in PDF

(/usr/local/texlive/2023/texmf-dist/tex/latex/pdflscape/pdflscape-nometadata.st
y
Package: pdflscape-nometadata 2022-10-28 v0.13 Display of landscape pages in PD
F (HO)
 (/usr/local/texlive/2023/texmf-dist/tex/latex/graphics/lscape.sty
Package: lscape 2020/05/28 v3.02 Landscape Pages (DPC)
)
Package pdflscape Info: Auto-detected driver: pdftex on input line 81.
))
(./lec1.nav)
LaTeX Font Info:    Trying to load font information for U+msa on input line 266
.
 (/usr/local/texlive/2023/texmf-dist/tex/latex/amsfonts/umsa.fd
File: umsa.fd 2013/01/14 v3.01 AMS symbols A
)
LaTeX Font Info:    Trying to load font information for U+msb on input line 266
.

(/usr/local/texlive/2023/texmf-dist/tex/latex/amsfonts/umsb.fd
File: umsb.fd 2013/01/14 v3.01 AMS symbols B
)
LaTeX Font Info:    Trying to load font information for OT1+mathkerncmss on inp
ut line 266.

(/usr/local/texlive/2023/texmf-dist/tex/latex/sansmathaccent/ot1mathkerncmss.fd
File: ot1mathkerncmss.fd 2020/01/31 Fontinst v1.933 font definitions for OT1/ma
thkerncmss.
)
Overfull \hbox (8.48372pt too wide) in paragraph at lines 266--266
[] [] 
 []


Overfull \hbox (7.29922pt too wide) in paragraph at lines 277--277
[][]  
 []


Overfull \vbox (8.29922pt too high) detected at line 277
 []


Overfull \hbox (8.48372pt too wide) has occurred while \output is active
[] [] 
 []

[1

{/usr/local/texlive/2023/texmf-var/fonts/map/pdftex/updmap/pdftex.map}]
<figures/punch_cards_nasa.jpeg, id=61, 1027.84pt x 815.045pt>
File: figures/punch_cards_nasa.jpeg Graphic file (type jpg)
<use figures/punch_cards_nasa.jpeg>
Package pdftex.def Info: figures/punch_cards_nasa.jpeg  used on input line 286.

(pdftex.def)             Requested size: 245.83282pt x 194.93077pt.

Overfull \hbox (8.48372pt too wide) has occurred while \output is active
[] [] 
 []

[2

 <./figures/punch_cards_nasa.jpeg>]
<figures/pc.jpg, id=73, 6759.95512pt x 5337.1395pt>
File: figures/pc.jpg Graphic file (type jpg)
<use figures/pc.jpg>
Package pdftex.def Info: figures/pc.jpg  used on input line 293.
(pdftex.def)             Requested size: 245.83282pt x 194.06696pt.

Overfull \hbox (8.48372pt too wide) has occurred while \output is active
[] [] 
 []

[3

 <./figures/pc.jpg>]
<figures/macbook.png, id=85, 1102.1175pt x 574.145pt>
File: figures/macbook.png Graphic file (type png)
<use figures/macbook.png>
Package pdftex.def Info: figures/macbook.png  used on input line 300.
(pdftex.def)             Requested size: 307.28987pt x 160.07616pt.

Overfull \hbox (7.29921pt too wide) in paragraph at lines 300--300
[][]  
 []


Overfull \hbox (8.48372pt too wide) has occurred while \output is active
[] [] 
 []

[4

 <./figures/macbook.png>]
<figures/gpt_request.png, id=99, 487.8225pt x 179.67125pt>
File: figures/gpt_request.png Graphic file (type png)
<use figures/gpt_request.png>
Package pdftex.def Info: figures/gpt_request.png  used on input line 310.
(pdftex.def)             Requested size: 215.10196pt x 79.22556pt.

Overfull \hbox (7.29922pt too wide) in paragraph at lines 310--310
[][]  
 []


Overfull \hbox (8.48372pt too wide) has occurred while \output is active
[] [] 
 []

[5

 <./figures/gpt_request.png>]
File: figures/gpt_request.png Graphic file (type png)
<use figures/gpt_request.png>
Package pdftex.def Info: figures/gpt_request.png  used on input line 310.
(pdftex.def)             Requested size: 215.10196pt x 79.22556pt.
<figures/gpt_poem.png, id=111, 486.81876pt x 216.81pt>
File: figures/gpt_poem.png Graphic file (type png)
<use figures/gpt_poem.png>
Package pdftex.def Info: figures/gpt_poem.png  used on input line 310.
(pdftex.def)             Requested size: 215.10196pt x 95.79698pt.

Overfull \hbox (7.29922pt too wide) in paragraph at lines 310--310
[][]  
 []


Overfull \hbox (8.48372pt too wide) has occurred while \output is active
[] [] 
 []

[6

 <./figures/gpt_poem.png>]
Overfull \hbox (8.48372pt too wide) has occurred while \output is active
[] [] 
 []

[7

]
Overfull \hbox (8.48372pt too wide) has occurred while \output is active
[] [] 
 []

[8

]
Overfull \hbox (8.48372pt too wide) has occurred while \output is active
[] [] 
 []

[9

]
<figures/estimand_title.png, id=157, 910.40125pt x 382.42876pt>
File: figures/estimand_title.png Graphic file (type png)
<use figures/estimand_title.png>
Package pdftex.def Info: figures/estimand_title.png  used on input line 332.
(pdftex.def)             Requested size: 307.28987pt x 129.08455pt.

Overfull \hbox (8.48372pt too wide) has occurred while \output is active
[] [] 
 []

[10

 <./figures/estimand_title.png>]
Overfull \hbox (8.48372pt too wide) has occurred while \output is active
[] [] 
 []

[11

]
Overfull \hbox (8.48372pt too wide) has occurred while \output is active
[] [] 
 []

[12

]
Overfull \hbox (8.48372pt too wide) has occurred while \output is active
[] [] 
 []

[13

]
Overfull \hbox (8.48372pt too wide) has occurred while \output is active
[] [] 
 []

[14

]
Overfull \hbox (8.48372pt too wide) has occurred while \output is active
[] [] 
 []

[15

]
Overfull \hbox (8.48372pt too wide) has occurred while \output is active
[] [] 
 []

[16

]
Overfull \hbox (8.48372pt too wide) has occurred while \output is active
[] [] 
 []

[17

]
Overfull \hbox (8.48372pt too wide) has occurred while \output is active
[] [] 
 []

[18

]
Overfull \hbox (8.48372pt too wide) has occurred while \output is active
[] [] 
 []

[19

]
Overfull \hbox (8.48372pt too wide) has occurred while \output is active
[] [] 
 []

[20

]
Overfull \hbox (8.48372pt too wide) has occurred while \output is active
[] [] 
 []

[21

]
Overfull \hbox (8.48372pt too wide) has occurred while \output is active
[] [] 
 []

[22

]
Overfull \hbox (8.48372pt too wide) has occurred while \output is active
[] [] 
 []

[23

]
Overfull \hbox (8.48372pt too wide) has occurred while \output is active
[] [] 
 []

[24

]
Overfull \hbox (8.48372pt too wide) has occurred while \output is active
[] [] 
 []

[25

]
Overfull \hbox (8.48372pt too wide) has occurred while \output is active
[] [] 
 []

[26

]
Overfull \hbox (8.48372pt too wide) has occurred while \output is active
[] [] 
 []

[27

]
Overfull \hbox (8.48372pt too wide) has occurred while \output is active
[] [] 
 []

[28

]
Overfull \hbox (8.48372pt too wide) has occurred while \output is active
[] [] 
 []

[29

]
Overfull \hbox (8.48372pt too wide) has occurred while \output is active
[] [] 
 []

[30

]
Overfull \hbox (7.30135pt too wide) in paragraph at lines 448--448
[][] 
 []


Overfull \hbox (7.29922pt too wide) in paragraph at lines 448--448
[]  
 []


Overfull \hbox (8.48372pt too wide) has occurred while \output is active
[] [] 
 []

[31

]
Overfull \hbox (7.30135pt too wide) in paragraph at lines 448--448
[][] 
 []


Overfull \hbox (7.29922pt too wide) in paragraph at lines 448--448
[]  
 []


Overfull \hbox (8.48372pt too wide) has occurred while \output is active
[] [] 
 []

[32

]
Overfull \hbox (7.30135pt too wide) in paragraph at lines 448--448
[][] 
 []


Overfull \hbox (7.29922pt too wide) in paragraph at lines 448--448
[]  
 []


Overfull \hbox (8.48372pt too wide) has occurred while \output is active
[] [] 
 []

[33

]
Overfull \hbox (7.30135pt too wide) in paragraph at lines 491--491
[][] 
 []


Overfull \hbox (7.29922pt too wide) in paragraph at lines 491--491
[]  
 []


Overfull \hbox (8.48372pt too wide) has occurred while \output is active
[] [] 
 []

[34

]
Overfull \hbox (7.30135pt too wide) in paragraph at lines 491--491
[][] 
 []


Overfull \hbox (7.29922pt too wide) in paragraph at lines 491--491
[]  
 []


Overfull \hbox (8.48372pt too wide) has occurred while \output is active
[] [] 
 []

[35

]
Overfull \hbox (7.30135pt too wide) in paragraph at lines 540--540
[][] 
 []


Overfull \hbox (7.29922pt too wide) in paragraph at lines 540--540
[]  
 []


Overfull \hbox (8.48372pt too wide) has occurred while \output is active
[] [] 
 []

[36

]
Overfull \hbox (7.30135pt too wide) in paragraph at lines 540--540
[][] 
 []


Overfull \hbox (7.29922pt too wide) in paragraph at lines 540--540
[]  
 []


Overfull \hbox (8.48372pt too wide) has occurred while \output is active
[] [] 
 []

[37

]
Overfull \hbox (7.30135pt too wide) in paragraph at lines 540--540
[][] 
 []


Overfull \hbox (7.29922pt too wide) in paragraph at lines 540--540
[]  
 []


Overfull \hbox (8.48372pt too wide) has occurred while \output is active
[] [] 
 []

[38

]
Overfull \hbox (7.30135pt too wide) in paragraph at lines 540--540
[][] 
 []


Overfull \hbox (7.29922pt too wide) in paragraph at lines 540--540
[]  
 []


Overfull \hbox (8.48372pt too wide) has occurred while \output is active
[] [] 
 []

[39

]
Overfull \hbox (7.30135pt too wide) in paragraph at lines 540--540
[][] 
 []


Overfull \hbox (7.29922pt too wide) in paragraph at lines 540--540
[]  
 []


Overfull \hbox (8.48372pt too wide) has occurred while \output is active
[] [] 
 []

[40

]
Overfull \hbox (8.48372pt too wide) has occurred while \output is active
[] [] 
 []

[41

]

Package hyperref Warning: Token not allowed in a PDF string (Unicode):
(hyperref)                removing `math shift' on input line 552.


Package hyperref Warning: Token not allowed in a PDF string (Unicode):
(hyperref)                removing `math shift' on input line 552.

(./lec1.toc)
Overfull \hbox (8.48372pt too wide) has occurred while \output is active
[] [] 
 []

[42

] (./lec1.toc)
Overfull \hbox (8.48372pt too wide) has occurred while \output is active
[] [] 
 []

[43

]
<figures/baseball_source.png, id=521, 999.735pt x 850.17625pt>
File: figures/baseball_source.png Graphic file (type png)
<use figures/baseball_source.png>
Package pdftex.def Info: figures/baseball_source.png  used on input line 559.
(pdftex.def)             Requested size: 184.3758pt x 156.78719pt.

Overfull \hbox (8.48372pt too wide) has occurred while \output is active
[] [] 
 []

[44

 <./figures/baseball_source.png>]
<figures/baseball_histogram.pdf, id=534, 469.755pt x 289.08pt>
File: figures/baseball_histogram.pdf Graphic file (type pdf)
<use figures/baseball_histogram.pdf>
Package pdftex.def Info: figures/baseball_histogram.pdf  used on input line 564
.
(pdftex.def)             Requested size: 307.28987pt x 189.09955pt.

Overfull \hbox (8.48372pt too wide) has occurred while \output is active
[] [] 
 []

[45

 <./figures/baseball_histogram.pdf>]
<figures/all_team_mean.pdf, id=550, 469.755pt x 325.215pt>
File: figures/all_team_mean.pdf Graphic file (type pdf)
<use figures/all_team_mean.pdf>
Package pdftex.def Info: figures/all_team_mean.pdf  used on input line 570.
(pdftex.def)             Requested size: 307.28987pt x 212.737pt.

Overfull \hbox (8.48372pt too wide) has occurred while \output is active
[] [] 
 []

[46

 <./figures/all_team_mean.pdf>]
<figures/dodgers_population.pdf, id=566, 216.81pt x 216.81pt>
File: figures/dodgers_population.pdf Graphic file (type pdf)
<use figures/dodgers_population.pdf>
Package pdftex.def Info: figures/dodgers_population.pdf  used on input line 581
.
(pdftex.def)             Requested size: 147.49782pt x 147.50493pt.
<figures/dodgers_sample.pdf, id=567, 216.81pt x 216.81pt>
File: figures/dodgers_sample.pdf Graphic file (type pdf)
<use figures/dodgers_sample.pdf>
Package pdftex.def Info: figures/dodgers_sample.pdf  used on input line 581.
(pdftex.def)             Requested size: 147.49782pt x 147.50493pt.

Overfull \hbox (11.7058pt too wide) in paragraph at lines 581--581
[][]  
 []


Overfull \hbox (8.48372pt too wide) has occurred while \output is active
[] [] 
 []

[47

 <./figures/dodgers_population.pdf> <./figures/dodgers_sample.pdf>]
<figures/dodgers_estimator1.pdf, id=594, 252.945pt x 144.54pt>
File: figures/dodgers_estimator1.pdf Graphic file (type pdf)
<use figures/dodgers_estimator1.pdf>
Package pdftex.def Info: figures/dodgers_estimator1.pdf  used on input line 597
.
(pdftex.def)             Requested size: 307.28987pt x 175.59747pt.

Overfull \hbox (8.48372pt too wide) has occurred while \output is active
[] [] 
 []

[48

 <./figures/dodgers_estimator1.pdf>]
<figures/dodgers_estimator2.pdf, id=613, 252.945pt x 144.54pt>
File: figures/dodgers_estimator2.pdf Graphic file (type pdf)
<use figures/dodgers_estimator2.pdf>
Package pdftex.def Info: figures/dodgers_estimator2.pdf  used on input line 597
.
(pdftex.def)             Requested size: 307.28987pt x 175.59747pt.

Overfull \hbox (8.48372pt too wide) has occurred while \output is active
[] [] 
 []

[49

 <./figures/dodgers_estimator2.pdf>]
<figures/dodgers_estimator3.pdf, id=634, 252.945pt x 144.54pt>
File: figures/dodgers_estimator3.pdf Graphic file (type pdf)
<use figures/dodgers_estimator3.pdf>
Package pdftex.def Info: figures/dodgers_estimator3.pdf  used on input line 597
.
(pdftex.def)             Requested size: 307.28987pt x 175.59747pt.

Overfull \hbox (8.48372pt too wide) has occurred while \output is active
[] [] 
 []

[50

 <./figures/dodgers_estimator3.pdf>]
File: figures/dodgers_estimator1.pdf Graphic file (type pdf)
<use figures/dodgers_estimator1.pdf>
Package pdftex.def Info: figures/dodgers_estimator1.pdf  used on input line 597
.
(pdftex.def)             Requested size: 98.335pt x 56.19171pt.
File: figures/dodgers_estimator2.pdf Graphic file (type pdf)
<use figures/dodgers_estimator2.pdf>
Package pdftex.def Info: figures/dodgers_estimator2.pdf  used on input line 597
.
(pdftex.def)             Requested size: 98.335pt x 56.19171pt.
File: figures/dodgers_estimator3.pdf Graphic file (type pdf)
<use figures/dodgers_estimator3.pdf>
Package pdftex.def Info: figures/dodgers_estimator3.pdf  used on input line 597
.
(pdftex.def)             Requested size: 98.335pt x 56.19171pt.
<figures/dodgers_estimator_histogram.pdf, id=653, 578.16pt x 180.675pt>
File: figures/dodgers_estimator_histogram.pdf Graphic file (type pdf)
<use figures/dodgers_estimator_histogram.pdf>
Package pdftex.def Info: figures/dodgers_estimator_histogram.pdf  used on input
 line 597.
(pdftex.def)             Requested size: 307.28987pt x 96.02745pt.

Overfull \hbox (8.48372pt too wide) has occurred while \output is active
[] [] 
 []

[51

 <./figures/dodgers_estimator_histogram.pdf>]
File: figures/dodgers_estimator1.pdf Graphic file (type pdf)
<use figures/dodgers_estimator1.pdf>
Package pdftex.def Info: figures/dodgers_estimator1.pdf  used on input line 597
.
(pdftex.def)             Requested size: 98.335pt x 56.19171pt.
File: figures/dodgers_estimator2.pdf Graphic file (type pdf)
<use figures/dodgers_estimator2.pdf>
Package pdftex.def Info: figures/dodgers_estimator2.pdf  used on input line 597
.
(pdftex.def)             Requested size: 98.335pt x 56.19171pt.
File: figures/dodgers_estimator3.pdf Graphic file (type pdf)
<use figures/dodgers_estimator3.pdf>
Package pdftex.def Info: figures/dodgers_estimator3.pdf  used on input line 597
.
(pdftex.def)             Requested size: 98.335pt x 56.19171pt.
File: figures/dodgers_estimator_histogram.pdf Graphic file (type pdf)
<use figures/dodgers_estimator_histogram.pdf>
Package pdftex.def Info: figures/dodgers_estimator_histogram.pdf  used on input
 line 597.
(pdftex.def)             Requested size: 307.28987pt x 96.02745pt.

Overfull \hbox (8.48372pt too wide) has occurred while \output is active
[] [] 
 []

[52

]
Overfull \hbox (8.48372pt too wide) has occurred while \output is active
[] [] 
 []

[53

]
Overfull \hbox (8.48372pt too wide) has occurred while \output is active
[] [] 
 []

[54

]
Overfull \hbox (8.48372pt too wide) has occurred while \output is active
[] [] 
 []

[55

]
Overfull \hbox (8.48372pt too wide) has occurred while \output is active
[] [] 
 []

[56

]
<figures/dodger_model_wrong.pdf, id=723, 433.62pt x 216.81pt>
File: figures/dodger_model_wrong.pdf Graphic file (type pdf)
<use figures/dodger_model_wrong.pdf>
Package pdftex.def Info: figures/dodger_model_wrong.pdf  used on input line 624
.
(pdftex.def)             Requested size: 307.28987pt x 153.65166pt.

Overfull \hbox (8.48372pt too wide) has occurred while \output is active
[] [] 
 []

[57

 <./figures/dodger_model_wrong.pdf>]
File: figures/dodger_model_wrong.pdf Graphic file (type pdf)
<use figures/dodger_model_wrong.pdf>
Package pdftex.def Info: figures/dodger_model_wrong.pdf  used on input line 624
.
(pdftex.def)             Requested size: 307.28987pt x 153.65166pt.

Overfull \hbox (8.48372pt too wide) has occurred while \output is active
[] [] 
 []

[58

]
<figures/berk_fig1.6.pdf, id=750, 794.97pt x 614.295pt>
File: figures/berk_fig1.6.pdf Graphic file (type pdf)
<use figures/berk_fig1.6.pdf>
Package pdftex.def Info: figures/berk_fig1.6.pdf  used on input line 628.
(pdftex.def)             Requested size: 245.83282pt x 189.9608pt.

Overfull \hbox (8.48372pt too wide) has occurred while \output is active
[] [] 
 []

[59

 <./figures/berk_fig1.6.pdf, page is rotated 90 degrees>] (./lec1.toc)
Overfull \hbox (8.48372pt too wide) has occurred while \output is active
[] [] 
 []

[60

] (./lec1.toc)
Overfull \hbox (8.48372pt too wide) has occurred while \output is active
[] [] 
 []

[61

]
Overfull \hbox (7.29922pt too wide) in paragraph at lines 659--659
[][]  
 []

<figures/illustration_1.pdf, id=795, 289.08pt x 289.08pt>
File: figures/illustration_1.pdf Graphic file (type pdf)
<use figures/illustration_1.pdf>
Package pdftex.def Info: figures/illustration_1.pdf  used on input line 659.
(pdftex.def)             Requested size: 214.51573pt x 214.51813pt.

Overfull \vbox (205.06235pt too high) detected at line 659
 []


Overfull \hbox (8.48372pt too wide) has occurred while \output is active
[] [] 
 []

[62

 <./figures/illustration_1.pdf>]
File: figures/illustration_1.pdf Graphic file (type pdf)
<use figures/illustration_1.pdf>
Package pdftex.def Info: figures/illustration_1.pdf  used on input line 659.
(pdftex.def)             Requested size: 214.51573pt x 214.51813pt.

Overfull \hbox (7.29922pt too wide) in paragraph at lines 659--659
[][]  
 []

<figures/illustration_2.pdf, id=811, 289.08pt x 289.08pt>
File: figures/illustration_2.pdf Graphic file (type pdf)
<use figures/illustration_2.pdf>
Package pdftex.def Info: figures/illustration_2.pdf  used on input line 659.
(pdftex.def)             Requested size: 214.51573pt x 214.51813pt.

Overfull \vbox (205.06235pt too high) detected at line 659
 []


Overfull \hbox (8.48372pt too wide) has occurred while \output is active
[] [] 
 []

[63

 <./figures/illustration_2.pdf>]
File: figures/illustration_2.pdf Graphic file (type pdf)
<use figures/illustration_2.pdf>
Package pdftex.def Info: figures/illustration_2.pdf  used on input line 659.
(pdftex.def)             Requested size: 214.51573pt x 214.51813pt.

Overfull \hbox (7.29922pt too wide) in paragraph at lines 659--659
[][]  
 []

<figures/illustration_3.pdf, id=827, 289.08pt x 289.08pt>
File: figures/illustration_3.pdf Graphic file (type pdf)
<use figures/illustration_3.pdf>
Package pdftex.def Info: figures/illustration_3.pdf  used on input line 659.
(pdftex.def)             Requested size: 214.51573pt x 214.51813pt.

Overfull \vbox (205.06235pt too high) detected at line 659
 []


Overfull \hbox (8.48372pt too wide) has occurred while \output is active
[] [] 
 []

[64

 <./figures/illustration_3.pdf>]
File: figures/illustration_3.pdf Graphic file (type pdf)
<use figures/illustration_3.pdf>
Package pdftex.def Info: figures/illustration_3.pdf  used on input line 659.
(pdftex.def)             Requested size: 214.51573pt x 214.51813pt.

Overfull \hbox (7.29922pt too wide) in paragraph at lines 659--659
[][]  
 []


Overfull \hbox (8.48372pt too wide) has occurred while \output is active
[] [] 
 []

[65

]
File: figures/illustration_3.pdf Graphic file (type pdf)
<use figures/illustration_3.pdf>
Package pdftex.def Info: figures/illustration_3.pdf  used on input line 659.
(pdftex.def)             Requested size: 214.51573pt x 214.51813pt.

Overfull \hbox (7.29922pt too wide) in paragraph at lines 659--659
[][]  
 []


Overfull \hbox (8.48372pt too wide) has occurred while \output is active
[] [] 
 []

[66

]
File: figures/illustration_3.pdf Graphic file (type pdf)
<use figures/illustration_3.pdf>
Package pdftex.def Info: figures/illustration_3.pdf  used on input line 659.
(pdftex.def)             Requested size: 214.51573pt x 214.51813pt.

Overfull \hbox (7.29922pt too wide) in paragraph at lines 659--659
[][]  
 []


Overfull \hbox (8.48372pt too wide) has occurred while \output is active
[] [] 
 []

[67

]
File: figures/illustration_3.pdf Graphic file (type pdf)
<use figures/illustration_3.pdf>
Package pdftex.def Info: figures/illustration_3.pdf  used on input line 659.
(pdftex.def)             Requested size: 214.51573pt x 214.51813pt.

Overfull \hbox (7.29922pt too wide) in paragraph at lines 659--659
[][]  
 []


Overfull \hbox (8.48372pt too wide) has occurred while \output is active
[] [] 
 []

[68

]
File: figures/illustration_3.pdf Graphic file (type pdf)
<use figures/illustration_3.pdf>
Package pdftex.def Info: figures/illustration_3.pdf  used on input line 659.
(pdftex.def)             Requested size: 214.51573pt x 214.51813pt.

Overfull \hbox (7.29922pt too wide) in paragraph at lines 659--659
[][]  
 []


Overfull \hbox (8.48372pt too wide) has occurred while \output is active
[] [] 
 []

[69

]
Overfull \hbox (8.48372pt too wide) has occurred while \output is active
[] [] 
 []

[70

]
Overfull \hbox (8.48372pt too wide) has occurred while \output is active
[] [] 
 []

[71

]
Overfull \hbox (8.48372pt too wide) has occurred while \output is active
[] [] 
 []

[72

]
Overfull \hbox (8.48372pt too wide) has occurred while \output is active
[] [] 
 []

[73

]
<figures/code_simulate.png, id=943, 806.01125pt x 418.56375pt>
File: figures/code_simulate.png Graphic file (type png)
<use figures/code_simulate.png>
Package pdftex.def Info: figures/code_simulate.png  used on input line 695.
(pdftex.def)             Requested size: 307.28987pt x 159.5732pt.

Overfull \hbox (8.48372pt too wide) has occurred while \output is active
[] [] 
 []

[74

 <./figures/code_simulate.png>]
<figures/challenge_data.pdf, id=956, 289.08pt x 216.81pt>
File: figures/challenge_data.pdf Graphic file (type pdf)
<use figures/challenge_data.pdf>
Package pdftex.def Info: figures/challenge_data.pdf  used on input line 703.
(pdftex.def)             Requested size: 245.83282pt x 184.37207pt.

Overfull \hbox (8.48372pt too wide) has occurred while \output is active
[] [] 
 []

[75

 <./figures/challenge_data.pdf>]
<figures/challenge_line.pdf, id=977, 289.08pt x 216.81pt>
File: figures/challenge_line.pdf Graphic file (type pdf)
<use figures/challenge_line.pdf>
Package pdftex.def Info: figures/challenge_line.pdf  used on input line 703.
(pdftex.def)             Requested size: 245.83282pt x 184.37207pt.

Overfull \hbox (8.48372pt too wide) has occurred while \output is active
[] [] 
 []

[76

 <./figures/challenge_line.pdf>]
<figures/challenge_forecast.pdf, id=998, 289.08pt x 216.81pt>
File: figures/challenge_forecast.pdf Graphic file (type pdf)
<use figures/challenge_forecast.pdf>
Package pdftex.def Info: figures/challenge_forecast.pdf  used on input line 703
.
(pdftex.def)             Requested size: 245.83282pt x 184.37207pt.

Overfull \hbox (8.48372pt too wide) has occurred while \output is active
[] [] 
 []

[77

 <./figures/challenge_forecast.pdf>]
Overfull \hbox (8.48372pt too wide) has occurred while \output is active
[] [] 
 []

[78

] (./lec1.toc)
Overfull \hbox (8.48372pt too wide) has occurred while \output is active
[] [] 
 []

[79

] (./lec1.toc)
Overfull \hbox (8.48372pt too wide) has occurred while \output is active
[] [] 
 []

[80

]
<figures/file_structure.png, id=1061, 485.815pt x 406.51875pt>
File: figures/file_structure.png Graphic file (type png)
<use figures/file_structure.png>
Package pdftex.def Info: figures/file_structure.png  used on input line 734.
(pdftex.def)             Requested size: 224.31526pt x 187.70181pt.

Overfull \hbox (8.48372pt too wide) has occurred while \output is active
[] [] 
 []

[81

 <./figures/file_structure.png>]
<figures/quarto_code.png, id=1073, 698.61pt x 778.91pt>
File: figures/quarto_code.png Graphic file (type png)
<use figures/quarto_code.png>
Package pdftex.def Info: figures/quarto_code.png  used on input line 743.
(pdftex.def)             Requested size: 153.64493pt x 171.3013pt.
<figures/quarto_document.png, id=1074, 823.075pt x 528.97626pt>
File: figures/quarto_document.png Graphic file (type png)
<use figures/quarto_document.png>
Package pdftex.def Info: figures/quarto_document.png  used on input line 743.
(pdftex.def)             Requested size: 147.49782pt x 94.79189pt.

Overfull \hbox (8.48372pt too wide) has occurred while \output is active
[] [] 
 []

[82

 <./figures/quarto_code.png> <./figures/quarto_document.png>]
Overfull \hbox (8.48372pt too wide) has occurred while \output is active
[] [] 
 []

[83

]
\tf@nav=\write6
\openout6 = `lec1.nav'.

\tf@toc=\write7
\openout7 = `lec1.toc'.

\tf@snm=\write8
\openout8 = `lec1.snm'.

 (./lec1.aux)
Package rerunfilecheck Info: File `lec1.out' has not changed.
(rerunfilecheck)             Checksum: 1947BAD4324C60936E87A12BC1298CE7;692.
 ) 
Here is how much of TeX's memory you used:
 30644 strings out of 476025
 631155 string characters out of 5790016
 1882388 words of memory out of 5000000
 50243 multiletter control sequences out of 15000+600000
 541973 words of font info for 123 fonts, out of 8000000 for 9000
 1141 hyphenation exceptions out of 8191
 128i,24n,122p,501b,1451s stack positions out of 10000i,1000n,20000p,200000b,200000s
</usr/local/texlive/2023/texmf-dist/fonts/type1/public/amsfonts/cmextra/cmex9
.pfb></usr/local/texlive/2023/texmf-dist/fonts/type1/public/amsfonts/cm/cmmi9.p
fb></usr/local/texlive/2023/texmf-dist/fonts/type1/public/amsfonts/cm/cmss10.pf
b></usr/local/texlive/2023/texmf-dist/fonts/type1/public/amsfonts/cm/cmss12.pfb
></usr/local/texlive/2023/texmf-dist/fonts/type1/public/amsfonts/cm/cmss17.pfb>
</usr/local/texlive/2023/texmf-dist/fonts/type1/public/amsfonts/cm/cmss8.pfb></
usr/local/texlive/2023/texmf-dist/fonts/type1/public/amsfonts/cm/cmss9.pfb></us
r/local/texlive/2023/texmf-dist/fonts/type1/public/amsfonts/cm/cmssbx10.pfb></u
sr/local/texlive/2023/texmf-dist/fonts/type1/public/amsfonts/cm/cmssi10.pfb></u
sr/local/texlive/2023/texmf-dist/fonts/type1/public/amsfonts/cm/cmssi12.pfb></u
sr/local/texlive/2023/texmf-dist/fonts/type1/public/amsfonts/cm/cmssi8.pfb></us
r/local/texlive/2023/texmf-dist/fonts/type1/public/amsfonts/cm/cmssi9.pfb></usr
/local/texlive/2023/texmf-dist/fonts/type1/public/amsfonts/cm/cmsy9.pfb></usr/l
ocal/texlive/2023/texmf-dist/fonts/type1/public/amsfonts/symbols/msam10.pfb>
Output written on lec1.pdf (83 pages, 4550562 bytes).
PDF statistics:
 1199 PDF objects out of 1200 (max. 8388607)
 1011 compressed objects within 11 object streams
 172 named destinations out of 1000 (max. 500000)
 218 words of extra memory for PDF output out of 10000 (max. 10000000)

